{"/Users/bogdanyereshchenko/Desktop/projects/ticketsFounder/src/js/app.js": {"path":"/Users/bogdanyereshchenko/Desktop/projects/ticketsFounder/src/js/app.js","statementMap":{"0":{"start":{"line":10,"column":0},"end":{"line":50,"column":3}},"1":{"start":{"line":11,"column":4},"end":{"line":11,"column":14}},"2":{"start":{"line":13,"column":17},"end":{"line":13,"column":28}},"3":{"start":{"line":16,"column":4},"end":{"line":16,"column":49}},"4":{"start":{"line":21,"column":8},"end":{"line":21,"column":31}},"5":{"start":{"line":22,"column":8},"end":{"line":22,"column":63}},"6":{"start":{"line":23,"column":8},"end":{"line":23,"column":37}},"7":{"start":{"line":27,"column":8},"end":{"line":27,"column":26}},"8":{"start":{"line":29,"column":23},"end":{"line":29,"column":69}},"9":{"start":{"line":30,"column":28},"end":{"line":30,"column":79}},"10":{"start":{"line":31,"column":28},"end":{"line":31,"column":50}},"11":{"start":{"line":32,"column":28},"end":{"line":32,"column":50}},"12":{"start":{"line":33,"column":25},"end":{"line":33,"column":49}},"13":{"start":{"line":35,"column":8},"end":{"line":35,"column":77}},"14":{"start":{"line":37,"column":8},"end":{"line":43,"column":10}},"15":{"start":{"line":45,"column":8},"end":{"line":45,"column":54}},"16":{"start":{"line":47,"column":8},"end":{"line":47,"column":41}}},"fnMap":{"0":{"name":"(anonymous_0)","decl":{"start":{"line":10,"column":46},"end":{"line":10,"column":47}},"loc":{"start":{"line":10,"column":52},"end":{"line":50,"column":1}},"line":10},"1":{"name":"initApp","decl":{"start":{"line":20,"column":19},"end":{"line":20,"column":26}},"loc":{"start":{"line":20,"column":28},"end":{"line":24,"column":5}},"line":20},"2":{"name":"onFormSubmit","decl":{"start":{"line":26,"column":19},"end":{"line":26,"column":31}},"loc":{"start":{"line":26,"column":34},"end":{"line":49,"column":5}},"line":26}},"branchMap":{},"s":{"0":0,"1":0,"2":0,"3":0,"4":0,"5":0,"6":0,"7":0,"8":0,"9":0,"10":0,"11":0,"12":0,"13":0,"14":0,"15":0,"16":0},"f":{"0":0,"1":0,"2":0},"b":{}}
,"/Users/bogdanyereshchenko/Desktop/projects/ticketsFounder/src/js/config/apiConfig.js": {"path":"/Users/bogdanyereshchenko/Desktop/projects/ticketsFounder/src/js/config/apiConfig.js","statementMap":{"0":{"start":{"line":1,"column":15},"end":{"line":3,"column":1}}},"fnMap":{},"branchMap":{},"s":{"0":0},"f":{},"b":{}}
,"/Users/bogdanyereshchenko/Desktop/projects/ticketsFounder/src/js/helpers/date.js": {"path":"/Users/bogdanyereshchenko/Desktop/projects/ticketsFounder/src/js/helpers/date.js","statementMap":{"0":{"start":{"line":4,"column":17},"end":{"line":4,"column":30}},"1":{"start":{"line":5,"column":4},"end":{"line":5,"column":30}}},"fnMap":{"0":{"name":"formatDate","decl":{"start":{"line":3,"column":16},"end":{"line":3,"column":26}},"loc":{"start":{"line":3,"column":37},"end":{"line":6,"column":1}},"line":3}},"branchMap":{},"s":{"0":1,"1":1},"f":{"0":1},"b":{},"_coverageSchema":"1a1c01bbd47fc00a2c39e90264f33305004495a9","hash":"65e531ececbe325487d711a984fd6e37074b25b3"}
,"/Users/bogdanyereshchenko/Desktop/projects/ticketsFounder/src/js/plugins/index.js": {"path":"/Users/bogdanyereshchenko/Desktop/projects/ticketsFounder/src/js/plugins/index.js","statementMap":{},"fnMap":{},"branchMap":{},"s":{},"f":{},"b":{}}
,"/Users/bogdanyereshchenko/Desktop/projects/ticketsFounder/src/js/plugins/materialize.js": {"path":"/Users/bogdanyereshchenko/Desktop/projects/ticketsFounder/src/js/plugins/materialize.js","statementMap":{"0":{"start":{"line":4,"column":15},"end":{"line":4,"column":50}},"1":{"start":{"line":5,"column":0},"end":{"line":5,"column":26}},"2":{"start":{"line":8,"column":4},"end":{"line":8,"column":42}},"3":{"start":{"line":12,"column":21},"end":{"line":12,"column":63}},"4":{"start":{"line":13,"column":0},"end":{"line":19,"column":3}},"5":{"start":{"line":22,"column":4},"end":{"line":22,"column":44}},"6":{"start":{"line":26,"column":20},"end":{"line":26,"column":60}},"7":{"start":{"line":27,"column":0},"end":{"line":30,"column":3}},"8":{"start":{"line":33,"column":4},"end":{"line":33,"column":41}},"9":{"start":{"line":36,"column":17},"end":{"line":36,"column":63}},"10":{"start":{"line":37,"column":0},"end":{"line":39,"column":3}},"11":{"start":{"line":42,"column":4},"end":{"line":42,"column":41}}},"fnMap":{"0":{"name":"getSelectInstance","decl":{"start":{"line":7,"column":16},"end":{"line":7,"column":33}},"loc":{"start":{"line":7,"column":39},"end":{"line":9,"column":1}},"line":7},"1":{"name":"getAutocompleteInstance","decl":{"start":{"line":21,"column":16},"end":{"line":21,"column":39}},"loc":{"start":{"line":21,"column":45},"end":{"line":23,"column":1}},"line":21},"2":{"name":"getDatepickerInstance","decl":{"start":{"line":32,"column":16},"end":{"line":32,"column":37}},"loc":{"start":{"line":32,"column":43},"end":{"line":34,"column":1}},"line":32},"3":{"name":"getDropdownMenu","decl":{"start":{"line":41,"column":16},"end":{"line":41,"column":31}},"loc":{"start":{"line":41,"column":37},"end":{"line":43,"column":1}},"line":41}},"branchMap":{},"s":{"0":0,"1":0,"2":0,"3":0,"4":0,"5":0,"6":0,"7":0,"8":0,"9":0,"10":0,"11":0},"f":{"0":0,"1":0,"2":0,"3":0},"b":{}}
,"/Users/bogdanyereshchenko/Desktop/projects/ticketsFounder/src/js/services/apiService.js": {"path":"/Users/bogdanyereshchenko/Desktop/projects/ticketsFounder/src/js/services/apiService.js","statementMap":{"0":{"start":{"line":6,"column":8},"end":{"line":6,"column":30}},"1":{"start":{"line":10,"column":8},"end":{"line":17,"column":9}},"2":{"start":{"line":11,"column":29},"end":{"line":11,"column":69}},"3":{"start":{"line":13,"column":12},"end":{"line":13,"column":33}},"4":{"start":{"line":15,"column":12},"end":{"line":15,"column":29}},"5":{"start":{"line":16,"column":12},"end":{"line":16,"column":39}},"6":{"start":{"line":20,"column":8},"end":{"line":27,"column":9}},"7":{"start":{"line":21,"column":29},"end":{"line":21,"column":66}},"8":{"start":{"line":23,"column":12},"end":{"line":23,"column":33}},"9":{"start":{"line":25,"column":12},"end":{"line":25,"column":29}},"10":{"start":{"line":26,"column":12},"end":{"line":26,"column":39}},"11":{"start":{"line":31,"column":8},"end":{"line":38,"column":9}},"12":{"start":{"line":32,"column":29},"end":{"line":32,"column":68}},"13":{"start":{"line":34,"column":12},"end":{"line":34,"column":33}},"14":{"start":{"line":36,"column":12},"end":{"line":36,"column":29}},"15":{"start":{"line":37,"column":12},"end":{"line":37,"column":39}},"16":{"start":{"line":42,"column":8},"end":{"line":51,"column":9}},"17":{"start":{"line":43,"column":29},"end":{"line":45,"column":14}},"18":{"start":{"line":47,"column":12},"end":{"line":47,"column":33}},"19":{"start":{"line":49,"column":12},"end":{"line":49,"column":29}},"20":{"start":{"line":50,"column":12},"end":{"line":50,"column":39}},"21":{"start":{"line":55,"column":12},"end":{"line":55,"column":27}}},"fnMap":{"0":{"name":"(anonymous_0)","decl":{"start":{"line":5,"column":4},"end":{"line":5,"column":5}},"loc":{"start":{"line":5,"column":23},"end":{"line":7,"column":5}},"line":5},"1":{"name":"(anonymous_1)","decl":{"start":{"line":9,"column":4},"end":{"line":9,"column":5}},"loc":{"start":{"line":9,"column":21},"end":{"line":18,"column":5}},"line":9},"2":{"name":"(anonymous_2)","decl":{"start":{"line":19,"column":4},"end":{"line":19,"column":5}},"loc":{"start":{"line":19,"column":18},"end":{"line":28,"column":5}},"line":19},"3":{"name":"(anonymous_3)","decl":{"start":{"line":30,"column":4},"end":{"line":30,"column":5}},"loc":{"start":{"line":30,"column":20},"end":{"line":39,"column":5}},"line":30},"4":{"name":"(anonymous_4)","decl":{"start":{"line":41,"column":4},"end":{"line":41,"column":5}},"loc":{"start":{"line":41,"column":24},"end":{"line":52,"column":5}},"line":41}},"branchMap":{},"s":{"0":0,"1":0,"2":0,"3":0,"4":0,"5":0,"6":0,"7":0,"8":0,"9":0,"10":0,"11":0,"12":0,"13":0,"14":0,"15":0,"16":0,"17":0,"18":0,"19":0,"20":0,"21":0},"f":{"0":0,"1":0,"2":0,"3":0,"4":0},"b":{}}
,"/Users/bogdanyereshchenko/Desktop/projects/ticketsFounder/src/js/store/favourites.js": {"path":"/Users/bogdanyereshchenko/Desktop/projects/ticketsFounder/src/js/store/favourites.js","statementMap":{"0":{"start":{"line":8,"column":8},"end":{"line":8,"column":77}},"1":{"start":{"line":9,"column":8},"end":{"line":9,"column":54}},"2":{"start":{"line":10,"column":8},"end":{"line":10,"column":87}},"3":{"start":{"line":18,"column":8},"end":{"line":24,"column":10}},"4":{"start":{"line":19,"column":12},"end":{"line":23,"column":14}},"5":{"start":{"line":20,"column":16},"end":{"line":22,"column":17}},"6":{"start":{"line":21,"column":20},"end":{"line":21,"column":59}},"7":{"start":{"line":28,"column":29},"end":{"line":28,"column":90}},"8":{"start":{"line":29,"column":31},"end":{"line":29,"column":90}},"9":{"start":{"line":30,"column":37},"end":{"line":30,"column":101}},"10":{"start":{"line":32,"column":27},"end":{"line":38,"column":9}},"11":{"start":{"line":39,"column":8},"end":{"line":39,"column":75}},"12":{"start":{"line":45,"column":21},"end":{"line":45,"column":54}}},"fnMap":{"0":{"name":"(anonymous_0)","decl":{"start":{"line":7,"column":4},"end":{"line":7,"column":5}},"loc":{"start":{"line":7,"column":25},"end":{"line":11,"column":5}},"line":7},"1":{"name":"(anonymous_1)","decl":{"start":{"line":13,"column":4},"end":{"line":13,"column":5}},"loc":{"start":{"line":13,"column":19},"end":{"line":15,"column":5}},"line":13},"2":{"name":"(anonymous_2)","decl":{"start":{"line":17,"column":4},"end":{"line":17,"column":5}},"loc":{"start":{"line":17,"column":23},"end":{"line":25,"column":5}},"line":17},"3":{"name":"(anonymous_3)","decl":{"start":{"line":18,"column":53},"end":{"line":18,"column":54}},"loc":{"start":{"line":18,"column":63},"end":{"line":24,"column":9}},"line":18},"4":{"name":"(anonymous_4)","decl":{"start":{"line":19,"column":45},"end":{"line":19,"column":46}},"loc":{"start":{"line":19,"column":50},"end":{"line":23,"column":13}},"line":19},"5":{"name":"(anonymous_5)","decl":{"start":{"line":27,"column":4},"end":{"line":27,"column":5}},"loc":{"start":{"line":27,"column":26},"end":{"line":42,"column":5}},"line":27}},"branchMap":{"0":{"loc":{"start":{"line":20,"column":16},"end":{"line":22,"column":17}},"type":"if","locations":[{"start":{"line":20,"column":16},"end":{"line":22,"column":17}},{"start":{"line":20,"column":16},"end":{"line":22,"column":17}}],"line":20}},"s":{"0":0,"1":0,"2":0,"3":0,"4":0,"5":0,"6":0,"7":0,"8":0,"9":0,"10":0,"11":0,"12":0},"f":{"0":0,"1":0,"2":0,"3":0,"4":0,"5":0},"b":{"0":[0,0]}}
,"/Users/bogdanyereshchenko/Desktop/projects/ticketsFounder/src/js/store/locations.js": {"path":"/Users/bogdanyereshchenko/Desktop/projects/ticketsFounder/src/js/store/locations.js","statementMap":{"0":{"start":{"line":6,"column":8},"end":{"line":6,"column":23}},"1":{"start":{"line":7,"column":8},"end":{"line":7,"column":30}},"2":{"start":{"line":8,"column":8},"end":{"line":8,"column":27}},"3":{"start":{"line":9,"column":8},"end":{"line":9,"column":34}},"4":{"start":{"line":10,"column":8},"end":{"line":10,"column":29}},"5":{"start":{"line":11,"column":8},"end":{"line":11,"column":27}},"6":{"start":{"line":12,"column":8},"end":{"line":12,"column":45}},"7":{"start":{"line":17,"column":25},"end":{"line":21,"column":10}},"8":{"start":{"line":24,"column":46},"end":{"line":24,"column":54}},"9":{"start":{"line":25,"column":8},"end":{"line":25,"column":60}},"10":{"start":{"line":26,"column":8},"end":{"line":26,"column":51}},"11":{"start":{"line":27,"column":8},"end":{"line":27,"column":71}},"12":{"start":{"line":28,"column":8},"end":{"line":28,"column":57}},"13":{"start":{"line":30,"column":8},"end":{"line":30,"column":24}},"14":{"start":{"line":34,"column":21},"end":{"line":39,"column":9}},"15":{"start":{"line":37,"column":16},"end":{"line":37,"column":46}},"16":{"start":{"line":41,"column":8},"end":{"line":41,"column":24}},"17":{"start":{"line":45,"column":8},"end":{"line":45,"column":38}},"18":{"start":{"line":49,"column":8},"end":{"line":49,"column":67}},"19":{"start":{"line":53,"column":8},"end":{"line":53,"column":67}},"20":{"start":{"line":57,"column":8},"end":{"line":60,"column":14}},"21":{"start":{"line":58,"column":12},"end":{"line":58,"column":39}},"22":{"start":{"line":59,"column":12},"end":{"line":59,"column":23}},"23":{"start":{"line":64,"column":8},"end":{"line":70,"column":14}},"24":{"start":{"line":65,"column":12},"end":{"line":65,"column":70}},"25":{"start":{"line":66,"column":12},"end":{"line":66,"column":63}},"26":{"start":{"line":67,"column":12},"end":{"line":67,"column":34}},"27":{"start":{"line":69,"column":12},"end":{"line":69,"column":23}},"28":{"start":{"line":75,"column":8},"end":{"line":78,"column":14}},"29":{"start":{"line":76,"column":12},"end":{"line":76,"column":40}},"30":{"start":{"line":77,"column":12},"end":{"line":77,"column":22}},"31":{"start":{"line":83,"column":8},"end":{"line":94,"column":14}},"32":{"start":{"line":84,"column":33},"end":{"line":84,"column":71}},"33":{"start":{"line":85,"column":12},"end":{"line":85,"column":63}},"34":{"start":{"line":86,"column":30},"end":{"line":86,"column":61}},"35":{"start":{"line":87,"column":12},"end":{"line":91,"column":14}},"36":{"start":{"line":93,"column":12},"end":{"line":93,"column":23}},"37":{"start":{"line":98,"column":8},"end":{"line":98,"column":41}},"38":{"start":{"line":102,"column":25},"end":{"line":102,"column":54}},"39":{"start":{"line":103,"column":8},"end":{"line":103,"column":62}},"40":{"start":{"line":108,"column":8},"end":{"line":118,"column":10}},"41":{"start":{"line":109,"column":12},"end":{"line":117,"column":13}},"42":{"start":{"line":123,"column":18},"end":{"line":123,"column":52}}},"fnMap":{"0":{"name":"(anonymous_0)","decl":{"start":{"line":5,"column":4},"end":{"line":5,"column":5}},"loc":{"start":{"line":5,"column":30},"end":{"line":14,"column":5}},"line":5},"1":{"name":"(anonymous_1)","decl":{"start":{"line":16,"column":4},"end":{"line":16,"column":5}},"loc":{"start":{"line":16,"column":17},"end":{"line":31,"column":5}},"line":16},"2":{"name":"(anonymous_2)","decl":{"start":{"line":33,"column":4},"end":{"line":33,"column":5}},"loc":{"start":{"line":33,"column":26},"end":{"line":42,"column":5}},"line":33},"3":{"name":"(anonymous_3)","decl":{"start":{"line":36,"column":12},"end":{"line":36,"column":13}},"loc":{"start":{"line":36,"column":20},"end":{"line":38,"column":13}},"line":36},"4":{"name":"(anonymous_4)","decl":{"start":{"line":44,"column":4},"end":{"line":44,"column":5}},"loc":{"start":{"line":44,"column":28},"end":{"line":46,"column":5}},"line":44},"5":{"name":"(anonymous_5)","decl":{"start":{"line":48,"column":4},"end":{"line":48,"column":5}},"loc":{"start":{"line":48,"column":31},"end":{"line":50,"column":5}},"line":48},"6":{"name":"(anonymous_6)","decl":{"start":{"line":52,"column":4},"end":{"line":52,"column":5}},"loc":{"start":{"line":52,"column":31},"end":{"line":54,"column":5}},"line":52},"7":{"name":"(anonymous_7)","decl":{"start":{"line":56,"column":4},"end":{"line":56,"column":5}},"loc":{"start":{"line":56,"column":34},"end":{"line":61,"column":5}},"line":56},"8":{"name":"(anonymous_8)","decl":{"start":{"line":57,"column":45},"end":{"line":57,"column":46}},"loc":{"start":{"line":57,"column":64},"end":{"line":60,"column":9}},"line":57},"9":{"name":"(anonymous_9)","decl":{"start":{"line":63,"column":4},"end":{"line":63,"column":5}},"loc":{"start":{"line":63,"column":32},"end":{"line":71,"column":5}},"line":63},"10":{"name":"(anonymous_10)","decl":{"start":{"line":64,"column":31},"end":{"line":64,"column":32}},"loc":{"start":{"line":64,"column":46},"end":{"line":70,"column":9}},"line":64},"11":{"name":"(anonymous_11)","decl":{"start":{"line":73,"column":4},"end":{"line":73,"column":5}},"loc":{"start":{"line":73,"column":34},"end":{"line":80,"column":5}},"line":73},"12":{"name":"(anonymous_12)","decl":{"start":{"line":75,"column":32},"end":{"line":75,"column":33}},"loc":{"start":{"line":75,"column":50},"end":{"line":78,"column":9}},"line":75},"13":{"name":"(anonymous_13)","decl":{"start":{"line":82,"column":4},"end":{"line":82,"column":5}},"loc":{"start":{"line":82,"column":28},"end":{"line":95,"column":5}},"line":82},"14":{"name":"(anonymous_14)","decl":{"start":{"line":83,"column":29},"end":{"line":83,"column":30}},"loc":{"start":{"line":83,"column":44},"end":{"line":94,"column":9}},"line":83},"15":{"name":"(anonymous_15)","decl":{"start":{"line":97,"column":4},"end":{"line":97,"column":5}},"loc":{"start":{"line":97,"column":31},"end":{"line":99,"column":5}},"line":97},"16":{"name":"(anonymous_16)","decl":{"start":{"line":101,"column":4},"end":{"line":101,"column":5}},"loc":{"start":{"line":101,"column":31},"end":{"line":105,"column":5}},"line":101},"17":{"name":"(anonymous_17)","decl":{"start":{"line":107,"column":4},"end":{"line":107,"column":5}},"loc":{"start":{"line":107,"column":30},"end":{"line":119,"column":5}},"line":107},"18":{"name":"(anonymous_18)","decl":{"start":{"line":108,"column":42},"end":{"line":108,"column":43}},"loc":{"start":{"line":108,"column":52},"end":{"line":118,"column":9}},"line":108}},"branchMap":{"0":{"loc":{"start":{"line":49,"column":15},"end":{"line":49,"column":66}},"type":"cond-expr","locations":[{"start":{"line":49,"column":37},"end":{"line":49,"column":61}},{"start":{"line":49,"column":64},"end":{"line":49,"column":66}}],"line":49},"1":{"loc":{"start":{"line":53,"column":15},"end":{"line":53,"column":66}},"type":"cond-expr","locations":[{"start":{"line":53,"column":37},"end":{"line":53,"column":61}},{"start":{"line":53,"column":64},"end":{"line":53,"column":66}}],"line":53},"2":{"loc":{"start":{"line":66,"column":24},"end":{"line":66,"column":62}},"type":"binary-expr","locations":[{"start":{"line":66,"column":24},"end":{"line":66,"column":33}},{"start":{"line":66,"column":37},"end":{"line":66,"column":62}}],"line":66},"3":{"loc":{"start":{"line":85,"column":24},"end":{"line":85,"column":62}},"type":"binary-expr","locations":[{"start":{"line":85,"column":24},"end":{"line":85,"column":33}},{"start":{"line":85,"column":37},"end":{"line":85,"column":62}}],"line":85}},"s":{"0":0,"1":0,"2":0,"3":0,"4":0,"5":0,"6":0,"7":0,"8":0,"9":0,"10":0,"11":0,"12":0,"13":0,"14":0,"15":0,"16":0,"17":0,"18":0,"19":0,"20":0,"21":0,"22":0,"23":0,"24":0,"25":0,"26":0,"27":0,"28":0,"29":0,"30":0,"31":0,"32":0,"33":0,"34":0,"35":0,"36":0,"37":0,"38":0,"39":0,"40":0,"41":0,"42":0},"f":{"0":0,"1":0,"2":0,"3":0,"4":0,"5":0,"6":0,"7":0,"8":0,"9":0,"10":0,"11":0,"12":0,"13":0,"14":0,"15":0,"16":0,"17":0,"18":0},"b":{"0":[0,0],"1":[0,0],"2":[0,0],"3":[0,0]}}
,"/Users/bogdanyereshchenko/Desktop/projects/ticketsFounder/src/js/views/currency.js": {"path":"/Users/bogdanyereshchenko/Desktop/projects/ticketsFounder/src/js/views/currency.js","statementMap":{"0":{"start":{"line":3,"column":8},"end":{"line":3,"column":60}},"1":{"start":{"line":4,"column":8},"end":{"line":7,"column":9}},"2":{"start":{"line":11,"column":8},"end":{"line":11,"column":35}},"3":{"start":{"line":16,"column":8},"end":{"line":16,"column":51}},"4":{"start":{"line":20,"column":19},"end":{"line":20,"column":35}}},"fnMap":{"0":{"name":"(anonymous_0)","decl":{"start":{"line":2,"column":4},"end":{"line":2,"column":5}},"loc":{"start":{"line":2,"column":17},"end":{"line":8,"column":5}},"line":2},"1":{"name":"(anonymous_1)","decl":{"start":{"line":10,"column":4},"end":{"line":10,"column":5}},"loc":{"start":{"line":10,"column":23},"end":{"line":12,"column":5}},"line":10},"2":{"name":"(anonymous_2)","decl":{"start":{"line":14,"column":4},"end":{"line":14,"column":5}},"loc":{"start":{"line":14,"column":23},"end":{"line":17,"column":5}},"line":14}},"branchMap":{},"s":{"0":0,"1":0,"2":0,"3":0,"4":0},"f":{"0":0,"1":0,"2":0},"b":{}}
,"/Users/bogdanyereshchenko/Desktop/projects/ticketsFounder/src/js/views/form.js": {"path":"/Users/bogdanyereshchenko/Desktop/projects/ticketsFounder/src/js/views/form.js","statementMap":{"0":{"start":{"line":5,"column":8},"end":{"line":5,"column":56}},"1":{"start":{"line":6,"column":8},"end":{"line":6,"column":69}},"2":{"start":{"line":7,"column":8},"end":{"line":7,"column":79}},"3":{"start":{"line":8,"column":8},"end":{"line":8,"column":67}},"4":{"start":{"line":9,"column":8},"end":{"line":9,"column":67}},"5":{"start":{"line":11,"column":8},"end":{"line":11,"column":68}},"6":{"start":{"line":12,"column":8},"end":{"line":12,"column":78}},"7":{"start":{"line":13,"column":8},"end":{"line":13,"column":64}},"8":{"start":{"line":14,"column":8},"end":{"line":14,"column":64}},"9":{"start":{"line":19,"column":8},"end":{"line":19,"column":26}},"10":{"start":{"line":23,"column":8},"end":{"line":23,"column":33}},"11":{"start":{"line":27,"column":8},"end":{"line":27,"column":38}},"12":{"start":{"line":31,"column":8},"end":{"line":31,"column":48}},"13":{"start":{"line":35,"column":8},"end":{"line":35,"column":48}},"14":{"start":{"line":39,"column":8},"end":{"line":39,"column":49}},"15":{"start":{"line":40,"column":8},"end":{"line":40,"column":54}},"16":{"start":{"line":46,"column":15},"end":{"line":46,"column":73}}},"fnMap":{"0":{"name":"(anonymous_0)","decl":{"start":{"line":4,"column":4},"end":{"line":4,"column":5}},"loc":{"start":{"line":4,"column":58},"end":{"line":16,"column":5}},"line":4},"1":{"name":"(anonymous_1)","decl":{"start":{"line":18,"column":4},"end":{"line":18,"column":5}},"loc":{"start":{"line":18,"column":14},"end":{"line":20,"column":5}},"line":18},"2":{"name":"(anonymous_2)","decl":{"start":{"line":22,"column":4},"end":{"line":22,"column":5}},"loc":{"start":{"line":22,"column":21},"end":{"line":24,"column":5}},"line":22},"3":{"name":"(anonymous_3)","decl":{"start":{"line":26,"column":4},"end":{"line":26,"column":5}},"loc":{"start":{"line":26,"column":26},"end":{"line":28,"column":5}},"line":26},"4":{"name":"(anonymous_4)","decl":{"start":{"line":30,"column":4},"end":{"line":30,"column":5}},"loc":{"start":{"line":30,"column":25},"end":{"line":32,"column":5}},"line":30},"5":{"name":"(anonymous_5)","decl":{"start":{"line":34,"column":4},"end":{"line":34,"column":5}},"loc":{"start":{"line":34,"column":25},"end":{"line":36,"column":5}},"line":34},"6":{"name":"(anonymous_6)","decl":{"start":{"line":38,"column":4},"end":{"line":38,"column":5}},"loc":{"start":{"line":38,"column":30},"end":{"line":41,"column":5}},"line":38}},"branchMap":{},"s":{"0":0,"1":0,"2":0,"3":0,"4":0,"5":0,"6":0,"7":0,"8":0,"9":0,"10":0,"11":0,"12":0,"13":0,"14":0,"15":0,"16":0},"f":{"0":0,"1":0,"2":0,"3":0,"4":0,"5":0,"6":0},"b":{}}
,"/Users/bogdanyereshchenko/Desktop/projects/ticketsFounder/src/js/views/ticket.js": {"path":"/Users/bogdanyereshchenko/Desktop/projects/ticketsFounder/src/js/views/ticket.js","statementMap":{"0":{"start":{"line":5,"column":8},"end":{"line":5,"column":70}},"1":{"start":{"line":6,"column":8},"end":{"line":6,"column":75}},"2":{"start":{"line":10,"column":8},"end":{"line":10,"column":30}},"3":{"start":{"line":11,"column":8},"end":{"line":14,"column":9}},"4":{"start":{"line":12,"column":12},"end":{"line":12,"column":32}},"5":{"start":{"line":13,"column":12},"end":{"line":13,"column":18}},"6":{"start":{"line":16,"column":23},"end":{"line":16,"column":25}},"7":{"start":{"line":17,"column":25},"end":{"line":17,"column":49}},"8":{"start":{"line":18,"column":8},"end":{"line":18,"column":30}},"9":{"start":{"line":20,"column":8},"end":{"line":23,"column":11}},"10":{"start":{"line":21,"column":29},"end":{"line":21,"column":71}},"11":{"start":{"line":22,"column":12},"end":{"line":22,"column":33}},"12":{"start":{"line":25,"column":8},"end":{"line":25,"column":65}},"13":{"start":{"line":29,"column":8},"end":{"line":29,"column":38}},"14":{"start":{"line":34,"column":25},"end":{"line":34,"column":53}},"15":{"start":{"line":35,"column":8},"end":{"line":35,"column":66}},"16":{"start":{"line":39,"column":8},"end":{"line":45,"column":9}},"17":{"start":{"line":49,"column":8},"end":{"line":83,"column":9}},"18":{"start":{"line":87,"column":18},"end":{"line":87,"column":43}}},"fnMap":{"0":{"name":"(anonymous_0)","decl":{"start":{"line":4,"column":4},"end":{"line":4,"column":5}},"loc":{"start":{"line":4,"column":25},"end":{"line":7,"column":5}},"line":4},"1":{"name":"(anonymous_1)","decl":{"start":{"line":9,"column":4},"end":{"line":9,"column":5}},"loc":{"start":{"line":9,"column":26},"end":{"line":26,"column":5}},"line":9},"2":{"name":"(anonymous_2)","decl":{"start":{"line":20,"column":24},"end":{"line":20,"column":25}},"loc":{"start":{"line":20,"column":34},"end":{"line":23,"column":9}},"line":20},"3":{"name":"(anonymous_3)","decl":{"start":{"line":28,"column":4},"end":{"line":28,"column":5}},"loc":{"start":{"line":28,"column":20},"end":{"line":31,"column":5}},"line":28},"4":{"name":"(anonymous_4)","decl":{"start":{"line":33,"column":4},"end":{"line":33,"column":5}},"loc":{"start":{"line":33,"column":18},"end":{"line":36,"column":5}},"line":33},"5":{"name":"(anonymous_5)","decl":{"start":{"line":38,"column":4},"end":{"line":38,"column":5}},"loc":{"start":{"line":38,"column":29},"end":{"line":46,"column":5}},"line":38},"6":{"name":"(anonymous_6)","decl":{"start":{"line":48,"column":4},"end":{"line":48,"column":5}},"loc":{"start":{"line":48,"column":43},"end":{"line":84,"column":5}},"line":48}},"branchMap":{"0":{"loc":{"start":{"line":11,"column":8},"end":{"line":14,"column":9}},"type":"if","locations":[{"start":{"line":11,"column":8},"end":{"line":14,"column":9}},{"start":{"line":11,"column":8},"end":{"line":14,"column":9}}],"line":11}},"s":{"0":0,"1":0,"2":0,"3":0,"4":0,"5":0,"6":0,"7":0,"8":0,"9":0,"10":0,"11":0,"12":0,"13":0,"14":0,"15":0,"16":0,"17":0,"18":0},"f":{"0":0,"1":0,"2":0,"3":0,"4":0,"5":0,"6":0},"b":{"0":[0,0]}}
}
